2025-12-11 13:53:02,275 INFO Set uid to user 0 succeeded
2025-12-11 13:53:02,277 INFO supervisord started with pid 1
2025-12-11 13:53:03,279 INFO spawned: 'nginx' with pid 28
2025-12-11 13:53:03,282 INFO spawned: 'php-fpm' with pid 29
2025-12-11 13:53:04,355 INFO success: nginx entered RUNNING state, process has stayed up for > than 1 seconds (startsecs)
2025-12-11 13:53:04,355 INFO success: php-fpm entered RUNNING state, process has stayed up for > than 1 seconds (startsecs)
2025-12-16 19:57:33,986 INFO reaped unknown pid 7643 (exit status 0)
2025-12-16 19:57:34,130 INFO reaped unknown pid 7645 (exit status 0)
2025-12-16 19:57:34,297 INFO reaped unknown pid 7647 (exit status 0)
2025-12-16 19:57:34,475 INFO reaped unknown pid 7649 (exit status 0)
2025-12-16 19:57:34,475 INFO reaped unknown pid 7651 (exit status 0)
2025-12-16 19:57:34,633 INFO reaped unknown pid 7653 (exit status 0)
2025-12-16 19:57:34,633 INFO reaped unknown pid 7655 (exit status 0)
2025-12-16 19:57:34,802 INFO reaped unknown pid 7657 (exit status 0)
2025-12-16 19:57:34,964 INFO reaped unknown pid 7659 (exit status 0)
2025-12-16 19:57:34,964 INFO reaped unknown pid 7661 (exit status 0)
2025-12-16 19:57:35,063 INFO reaped unknown pid 7663 (exit status 0)
2025-12-16 19:57:35,063 INFO reaped unknown pid 7665 (exit status 0)
2025-12-16 20:29:43,431 INFO reaped unknown pid 7708 (exit status 0)
2025-12-16 20:29:43,432 INFO reaped unknown pid 7710 (exit status 0)
2025-12-16 20:29:43,432 INFO reaped unknown pid 7712 (exit status 0)
2025-12-16 20:29:43,432 INFO reaped unknown pid 7714 (exit status 0)
2025-12-16 20:29:43,432 INFO reaped unknown pid 7716 (exit status 0)
2025-12-16 20:29:43,432 INFO reaped unknown pid 7718 (exit status 0)
2025-12-16 20:29:43,432 INFO reaped unknown pid 7720 (exit status 0)
2025-12-16 20:29:43,432 INFO reaped unknown pid 7722 (exit status 0)
2025-12-16 20:29:43,432 INFO reaped unknown pid 7724 (exit status 0)
2025-12-16 20:29:43,432 INFO reaped unknown pid 7726 (exit status 0)
2025-12-16 20:29:43,432 INFO reaped unknown pid 7728 (exit status 0)
2025-12-16 20:29:43,432 INFO reaped unknown pid 7730 (exit status 0)
2025-12-16 20:55:54,416 INFO reaped unknown pid 7761 (exit status 0)
2025-12-16 20:55:54,416 INFO reaped unknown pid 7763 (exit status 0)
2025-12-16 20:55:54,416 INFO reaped unknown pid 7765 (exit status 0)
2025-12-16 20:55:54,416 INFO reaped unknown pid 7767 (exit status 0)
2025-12-16 20:55:54,416 INFO reaped unknown pid 7769 (exit status 0)
2025-12-16 20:55:54,416 INFO reaped unknown pid 7771 (exit status 0)
2025-12-16 20:55:54,417 INFO reaped unknown pid 7773 (exit status 0)
2025-12-16 20:55:54,417 INFO reaped unknown pid 7775 (exit status 0)
2025-12-16 20:55:54,417 INFO reaped unknown pid 7777 (exit status 0)
2025-12-16 22:53:03,595 INFO reaped unknown pid 7906 (exit status 0)
2025-12-16 22:55:01,759 INFO reaped unknown pid 7910 (exit status 0)
2025-12-16 22:55:01,759 INFO reaped unknown pid 7912 (exit status 0)
2025-12-16 22:55:01,759 INFO reaped unknown pid 7914 (exit status 0)
2025-12-16 22:55:01,759 INFO reaped unknown pid 7916 (exit status 0)
2025-12-16 22:55:01,760 INFO reaped unknown pid 7918 (exit status 0)
2025-12-16 22:55:01,760 INFO reaped unknown pid 7920 (exit status 0)
2025-12-16 22:55:01,760 INFO reaped unknown pid 7922 (exit status 0)
2025-12-16 22:55:01,938 INFO reaped unknown pid 7924 (exit status 0)
2025-12-17 11:36:08,165 INFO reaped unknown pid 8674 (exit status 0)
2025-12-17 11:36:08,165 INFO reaped unknown pid 8676 (exit status 0)
2025-12-17 11:36:08,165 INFO reaped unknown pid 8678 (exit status 0)
2025-12-17 11:36:08,165 INFO reaped unknown pid 8680 (exit status 0)
2025-12-17 11:36:32,555 INFO reaped unknown pid 8682 (exit status 0)
2025-12-17 11:36:32,729 INFO reaped unknown pid 8684 (exit status 0)
2025-12-17 11:36:32,729 INFO reaped unknown pid 8686 (exit status 0)
2025-12-17 11:36:32,729 INFO reaped unknown pid 8688 (exit status 0)
2025-12-17 11:38:59,028 INFO reaped unknown pid 8693 (exit status 0)
2025-12-17 11:38:59,029 INFO reaped unknown pid 8695 (exit status 0)
2025-12-17 11:38:59,029 INFO reaped unknown pid 8697 (exit status 0)
2025-12-17 11:38:59,029 INFO reaped unknown pid 8699 (exit status 0)
2025-12-17 11:38:59,029 INFO reaped unknown pid 8701 (exit status 0)
2025-12-17 11:38:59,029 INFO reaped unknown pid 8703 (exit status 0)
2025-12-17 11:38:59,029 INFO reaped unknown pid 8705 (exit status 0)
2025-12-17 11:38:59,659 INFO reaped unknown pid 8707 (exit status 0)
2025-12-17 11:38:59,659 INFO reaped unknown pid 8709 (exit status 0)
2025-12-17 11:38:59,659 INFO reaped unknown pid 8711 (exit status 0)
2025-12-17 11:38:59,659 INFO reaped unknown pid 8713 (exit status 0)
2025-12-17 11:38:59,660 INFO reaped unknown pid 8715 (exit status 0)
2025-12-17 11:38:59,660 INFO reaped unknown pid 8717 (exit status 0)
2025-12-17 11:38:59,660 INFO reaped unknown pid 8719 (exit status 0)
2025-12-17 11:38:59,660 INFO reaped unknown pid 8721 (exit status 0)
2025-12-17 11:39:46,348 INFO reaped unknown pid 8724 (exit status 0)
2025-12-17 11:39:46,348 INFO reaped unknown pid 8726 (exit status 0)
2025-12-17 11:39:46,853 INFO reaped unknown pid 8728 (exit status 0)
2025-12-17 11:39:46,853 INFO reaped unknown pid 8730 (exit status 0)
2025-12-17 11:39:46,853 INFO reaped unknown pid 8732 (exit status 0)
2025-12-17 11:39:46,853 INFO reaped unknown pid 8734 (exit status 0)
2025-12-17 11:39:46,853 INFO reaped unknown pid 8736 (exit status 0)
2025-12-17 11:39:46,853 INFO reaped unknown pid 8738 (exit status 0)
2025-12-17 11:39:46,853 INFO reaped unknown pid 8740 (exit status 0)
2025-12-17 11:39:46,853 INFO reaped unknown pid 8742 (exit status 0)
2025-12-17 11:41:13,093 INFO reaped unknown pid 8745 (exit status 0)
2025-12-17 11:41:13,093 INFO reaped unknown pid 8747 (exit status 0)
2025-12-17 11:41:13,094 INFO reaped unknown pid 8749 (exit status 0)
2025-12-17 11:41:13,094 INFO reaped unknown pid 8751 (exit status 0)
2025-12-17 11:41:13,094 INFO reaped unknown pid 8753 (exit status 0)
2025-12-17 11:41:13,094 INFO reaped unknown pid 8755 (exit status 0)
2025-12-17 11:41:13,094 INFO reaped unknown pid 8757 (exit status 0)
2025-12-17 11:41:13,094 INFO reaped unknown pid 8759 (exit status 0)
2025-12-17 12:39:32,328 INFO reaped unknown pid 8842 (exit status 0)
2025-12-17 12:48:45,905 INFO reaped unknown pid 8853 (exit status 0)
2025-12-17 12:56:30,102 INFO reaped unknown pid 8865 (exit status 0)
2025-12-17 12:56:30,102 INFO reaped unknown pid 8867 (exit status 0)
2025-12-17 12:56:31,103 INFO reaped unknown pid 8869 (exit status 0)
2025-12-17 12:56:31,103 INFO reaped unknown pid 8871 (exit status 0)
2025-12-17 12:56:31,103 INFO reaped unknown pid 8873 (exit status 0)
2025-12-17 12:56:31,103 INFO reaped unknown pid 8875 (exit status 0)
2025-12-17 12:56:31,104 INFO reaped unknown pid 8877 (exit status 0)
2025-12-17 12:56:31,104 INFO reaped unknown pid 8879 (exit status 0)
2025-12-17 12:56:31,104 INFO reaped unknown pid 8881 (exit status 0)
2025-12-17 12:56:31,104 INFO reaped unknown pid 8883 (exit status 0)
2025-12-17 12:56:31,104 INFO reaped unknown pid 8885 (exit status 0)
2025-12-17 12:56:31,104 INFO reaped unknown pid 8887 (exit status 0)
2025-12-17 12:56:31,104 INFO reaped unknown pid 8889 (exit status 0)
2025-12-17 12:56:31,104 INFO reaped unknown pid 8891 (exit status 0)
2025-12-17 12:56:31,104 INFO reaped unknown pid 8893 (exit status 0)
2025-12-17 12:56:31,104 INFO reaped unknown pid 8895 (exit status 0)
2025-12-17 12:56:31,104 INFO reaped unknown pid 8897 (exit status 0)
2025-12-17 12:56:31,104 INFO reaped unknown pid 8899 (exit status 0)
2025-12-17 12:56:31,158 INFO reaped unknown pid 8901 (exit status 0)
2025-12-17 13:42:48,167 INFO reaped unknown pid 8969 (exit status 0)
2025-12-17 13:42:48,167 INFO reaped unknown pid 8971 (exit status 0)
2025-12-17 13:42:48,167 INFO reaped unknown pid 8973 (exit status 0)
2025-12-17 13:42:48,167 INFO reaped unknown pid 8975 (exit status 0)
2025-12-17 13:42:48,167 INFO reaped unknown pid 8977 (exit status 0)
2025-12-17 13:42:48,910 INFO reaped unknown pid 8979 (exit status 0)
2025-12-17 13:42:48,910 INFO reaped unknown pid 8981 (exit status 0)
2025-12-17 13:42:48,910 INFO reaped unknown pid 8983 (exit status 0)
2025-12-17 13:42:48,910 INFO reaped unknown pid 8985 (exit status 0)
2025-12-17 13:42:48,910 INFO reaped unknown pid 8987 (exit status 0)
2025-12-17 13:42:48,910 INFO reaped unknown pid 8989 (exit status 0)
2025-12-17 13:42:48,910 INFO reaped unknown pid 8991 (exit status 0)
2025-12-17 13:42:48,910 INFO reaped unknown pid 8993 (exit status 0)
2025-12-17 13:42:48,910 INFO reaped unknown pid 8995 (exit status 0)
2025-12-17 13:42:48,910 INFO reaped unknown pid 8997 (exit status 0)
2025-12-17 13:42:48,910 INFO reaped unknown pid 8999 (exit status 0)
2025-12-17 14:40:28,470 INFO reaped unknown pid 9065 (exit status 0)
2025-12-17 14:40:29,471 INFO reaped unknown pid 9067 (exit status 0)
2025-12-17 14:40:29,471 INFO reaped unknown pid 9069 (exit status 0)
2025-12-17 14:40:29,471 INFO reaped unknown pid 9071 (exit status 0)
2025-12-17 14:40:29,471 INFO reaped unknown pid 9073 (exit status 0)
2025-12-17 14:40:29,471 INFO reaped unknown pid 9075 (exit status 0)
2025-12-17 14:40:30,472 INFO reaped unknown pid 9077 (exit status 0)
2025-12-17 14:40:30,472 INFO reaped unknown pid 9079 (exit status 0)
2025-12-17 14:40:30,472 INFO reaped unknown pid 9081 (exit status 0)
2025-12-17 14:40:30,472 INFO reaped unknown pid 9083 (exit status 0)
2025-12-17 14:40:31,473 INFO reaped unknown pid 9085 (exit status 0)
2025-12-17 14:40:31,474 INFO reaped unknown pid 9087 (exit status 0)
2025-12-17 14:40:31,474 INFO reaped unknown pid 9089 (exit status 0)
2025-12-17 14:40:31,474 INFO reaped unknown pid 9091 (exit status 0)
2025-12-17 14:40:31,474 INFO reaped unknown pid 9093 (exit status 0)
2025-12-17 14:40:31,474 INFO reaped unknown pid 9095 (exit status 0)
2025-12-17 14:40:31,474 INFO reaped unknown pid 9097 (exit status 0)
2025-12-17 14:40:32,388 INFO reaped unknown pid 9099 (exit status 0)
2025-12-17 14:40:32,388 INFO reaped unknown pid 9101 (exit status 0)
2025-12-17 14:40:32,389 INFO reaped unknown pid 9103 (exit status 0)
2025-12-17 14:40:32,389 INFO reaped unknown pid 9105 (exit status 0)
2025-12-17 14:40:32,389 INFO reaped unknown pid 9107 (exit status 0)
2025-12-17 14:40:32,389 INFO reaped unknown pid 9109 (exit status 0)
2025-12-17 14:40:32,389 INFO reaped unknown pid 9111 (exit status 0)
2025-12-17 14:40:32,389 INFO reaped unknown pid 9113 (exit status 0)
2025-12-17 14:40:32,389 INFO reaped unknown pid 9115 (exit status 0)
2025-12-17 14:40:32,389 INFO reaped unknown pid 9117 (exit status 0)
2025-12-17 14:40:32,389 INFO reaped unknown pid 9119 (exit status 0)
2025-12-17 16:02:21,934 INFO reaped unknown pid 9241 (exit status 0)
2025-12-17 16:02:21,934 INFO reaped unknown pid 9243 (exit status 0)
2025-12-17 16:02:21,934 INFO reaped unknown pid 9245 (exit status 0)
2025-12-17 16:02:21,934 INFO reaped unknown pid 9247 (exit status 0)
2025-12-17 16:02:21,934 INFO reaped unknown pid 9249 (exit status 0)
2025-12-17 16:02:21,934 INFO reaped unknown pid 9251 (exit status 0)
2025-12-17 16:02:21,934 INFO reaped unknown pid 9253 (exit status 0)
2025-12-17 16:02:21,934 INFO reaped unknown pid 9255 (exit status 0)
2025-12-17 17:18:09,813 INFO reaped unknown pid 9367 (exit status 0)
2025-12-17 17:18:09,816 INFO reaped unknown pid 9369 (exit status 0)
2025-12-17 17:18:09,816 INFO reaped unknown pid 9371 (exit status 0)
2025-12-17 17:18:09,816 INFO reaped unknown pid 9373 (exit status 0)
2025-12-17 17:18:09,816 INFO reaped unknown pid 9375 (exit status 0)
2025-12-17 17:18:10,098 INFO reaped unknown pid 9377 (exit status 0)
2025-12-17 17:18:10,098 INFO reaped unknown pid 9379 (exit status 0)
2025-12-17 17:18:10,098 INFO reaped unknown pid 9381 (exit status 0)
2025-12-17 17:52:07,421 INFO reaped unknown pid 9449 (exit status 0)
2025-12-17 19:03:16,815 INFO reaped unknown pid 9611 (exit status 0)
2025-12-17 19:03:17,407 INFO reaped unknown pid 9613 (exit status 0)
2025-12-17 19:03:17,407 INFO reaped unknown pid 9615 (exit status 0)
2025-12-17 19:03:17,407 INFO reaped unknown pid 9617 (exit status 0)
2025-12-17 19:03:17,407 INFO reaped unknown pid 9619 (exit status 0)
2025-12-17 19:03:17,407 INFO reaped unknown pid 9621 (exit status 0)
2025-12-17 19:03:17,407 INFO reaped unknown pid 9623 (exit status 0)
2025-12-17 19:03:17,407 INFO reaped unknown pid 9625 (exit status 0)
2025-12-17 19:03:17,407 INFO reaped unknown pid 9627 (exit status 0)
2025-12-17 19:12:00,519 INFO reaped unknown pid 9660 (exit status 0)
2025-12-17 19:12:00,519 INFO reaped unknown pid 9662 (exit status 0)
2025-12-17 19:12:00,519 INFO reaped unknown pid 9664 (exit status 0)
2025-12-17 19:12:00,519 INFO reaped unknown pid 9666 (exit status 0)
2025-12-17 19:12:00,519 INFO reaped unknown pid 9668 (exit status 0)
2025-12-17 19:12:00,764 INFO reaped unknown pid 9670 (exit status 0)
2025-12-17 19:12:00,765 INFO reaped unknown pid 9672 (exit status 0)
2025-12-17 19:12:58,736 INFO reaped unknown pid 9675 (exit status 0)
2025-12-17 19:16:59,081 INFO reaped unknown pid 9681 (exit status 0)
2025-12-17 19:16:59,082 INFO reaped unknown pid 9683 (exit status 0)
2025-12-17 19:16:59,082 INFO reaped unknown pid 9685 (exit status 0)
2025-12-17 19:16:59,082 INFO reaped unknown pid 9687 (exit status 0)
2025-12-17 19:16:59,082 INFO reaped unknown pid 9689 (exit status 0)
2025-12-17 19:16:59,082 INFO reaped unknown pid 9691 (exit status 0)
2025-12-17 19:16:59,250 INFO reaped unknown pid 9693 (exit status 0)
2025-12-17 19:16:59,250 INFO reaped unknown pid 9695 (exit status 0)
2025-12-17 19:16:59,250 INFO reaped unknown pid 9697 (exit status 0)
2025-12-17 19:21:08,095 INFO reaped unknown pid 9703 (exit status 0)
2025-12-17 19:21:08,095 INFO reaped unknown pid 9705 (exit status 0)
2025-12-17 19:21:08,095 INFO reaped unknown pid 9707 (exit status 0)
2025-12-17 19:21:08,095 INFO reaped unknown pid 9709 (exit status 0)
2025-12-17 19:21:08,095 INFO reaped unknown pid 9711 (exit status 0)
2025-12-17 19:21:08,095 INFO reaped unknown pid 9713 (exit status 0)
2025-12-17 19:21:08,095 INFO reaped unknown pid 9715 (exit status 0)
2025-12-17 19:21:08,205 INFO reaped unknown pid 9717 (exit status 0)
2025-12-17 19:21:08,205 INFO reaped unknown pid 9719 (exit status 0)
2025-12-17 19:29:28,718 INFO reaped unknown pid 9730 (exit status 0)
2025-12-17 19:29:28,718 INFO reaped unknown pid 9732 (exit status 0)
2025-12-17 19:29:28,718 INFO reaped unknown pid 9734 (exit status 0)
2025-12-17 19:29:28,718 INFO reaped unknown pid 9736 (exit status 0)
2025-12-17 19:29:28,718 INFO reaped unknown pid 9738 (exit status 0)
2025-12-17 19:29:28,718 INFO reaped unknown pid 9740 (exit status 0)
2025-12-17 19:29:28,718 INFO reaped unknown pid 9742 (exit status 0)
2025-12-17 19:29:28,718 INFO reaped unknown pid 9744 (exit status 0)
2025-12-17 19:29:28,755 INFO reaped unknown pid 9746 (exit status 0)
2025-12-17 19:42:41,381 INFO reaped unknown pid 9761 (exit status 0)
2025-12-17 19:42:41,381 INFO reaped unknown pid 9763 (exit status 0)
2025-12-17 19:42:42,370 INFO reaped unknown pid 9765 (exit status 0)
2025-12-17 19:42:42,370 INFO reaped unknown pid 9767 (exit status 0)
2025-12-17 19:42:42,371 INFO reaped unknown pid 9769 (exit status 0)
2025-12-17 19:42:42,371 INFO reaped unknown pid 9771 (exit status 0)
2025-12-17 19:42:42,371 INFO reaped unknown pid 9773 (exit status 0)
2025-12-17 19:42:42,371 INFO reaped unknown pid 9775 (exit status 0)
2025-12-17 19:42:42,371 INFO reaped unknown pid 9777 (exit status 0)
2025-12-17 19:42:42,371 INFO reaped unknown pid 9779 (exit status 0)
2025-12-17 19:42:42,371 INFO reaped unknown pid 9781 (exit status 0)
2025-12-17 19:42:42,371 INFO reaped unknown pid 9783 (exit status 0)
2025-12-17 19:42:42,371 INFO reaped unknown pid 9785 (exit status 0)
2025-12-17 20:53:29,389 INFO reaped unknown pid 9857 (exit status 0)
2025-12-17 20:53:29,389 INFO reaped unknown pid 9859 (exit status 0)
2025-12-17 20:53:29,389 INFO reaped unknown pid 9861 (exit status 0)
2025-12-17 20:53:29,390 INFO reaped unknown pid 9863 (exit status 0)
2025-12-17 20:53:29,390 INFO reaped unknown pid 9865 (exit status 0)
2025-12-17 20:53:29,390 INFO reaped unknown pid 9867 (exit status 0)
2025-12-17 20:53:29,390 INFO reaped unknown pid 9869 (exit status 0)
2025-12-17 20:53:29,390 INFO reaped unknown pid 9871 (exit status 0)
2025-12-17 20:53:29,390 INFO reaped unknown pid 9873 (exit status 0)
2025-12-17 20:55:13,379 INFO reaped unknown pid 9877 (exit status 0)
2025-12-17 20:55:13,379 INFO reaped unknown pid 9879 (exit status 0)
2025-12-17 20:55:13,379 INFO reaped unknown pid 9881 (exit status 0)
2025-12-17 20:55:13,379 INFO reaped unknown pid 9883 (exit status 0)
2025-12-17 20:55:13,379 INFO reaped unknown pid 9885 (exit status 0)
2025-12-18 13:52:20,762 INFO reaped unknown pid 10933 (exit status 0)
2025-12-18 13:52:20,763 INFO reaped unknown pid 10935 (exit status 0)
2025-12-18 13:52:20,763 INFO reaped unknown pid 10937 (exit status 0)
2025-12-18 13:52:20,763 INFO reaped unknown pid 10939 (exit status 0)
2025-12-18 13:52:20,763 INFO reaped unknown pid 10941 (exit status 0)
2025-12-18 13:52:20,763 INFO reaped unknown pid 10943 (exit status 0)
2025-12-18 13:52:20,763 INFO reaped unknown pid 10945 (exit status 0)
2025-12-18 13:52:20,763 INFO reaped unknown pid 10947 (exit status 0)
2025-12-18 16:20:38,101 INFO reaped unknown pid 11185 (exit status 0)
2025-12-18 16:20:38,101 INFO reaped unknown pid 11187 (exit status 0)
2025-12-18 16:20:38,101 INFO reaped unknown pid 11189 (exit status 0)
2025-12-18 16:20:38,101 INFO reaped unknown pid 11191 (exit status 0)
2025-12-18 16:20:38,101 INFO reaped unknown pid 11193 (exit status 0)
2025-12-18 16:20:38,101 INFO reaped unknown pid 11195 (exit status 0)
2025-12-18 16:20:38,101 INFO reaped unknown pid 11197 (exit status 0)
2025-12-18 16:20:38,102 INFO reaped unknown pid 11199 (exit status 0)
2025-12-18 16:20:38,102 INFO reaped unknown pid 11201 (exit status 0)
2025-12-18 16:20:38,102 INFO reaped unknown pid 11203 (exit status 0)
2025-12-18 16:25:55,679 INFO reaped unknown pid 11210 (exit status 0)
2025-12-18 16:25:56,087 INFO reaped unknown pid 11212 (exit status 0)
2025-12-18 16:25:56,087 INFO reaped unknown pid 11214 (exit status 0)
2025-12-18 16:25:56,087 INFO reaped unknown pid 11216 (exit status 0)
2025-12-18 16:25:56,087 INFO reaped unknown pid 11218 (exit status 0)
2025-12-18 16:25:56,087 INFO reaped unknown pid 11220 (exit status 0)
2025-12-18 16:41:39,687 INFO reaped unknown pid 11248 (exit status 0)
2025-12-18 16:41:39,688 INFO reaped unknown pid 11250 (exit status 0)
2025-12-18 16:41:39,688 INFO reaped unknown pid 11252 (exit status 0)
2025-12-18 16:41:39,688 INFO reaped unknown pid 11254 (exit status 0)
2025-12-18 16:41:39,688 INFO reaped unknown pid 11256 (exit status 0)
2025-12-18 16:41:39,688 INFO reaped unknown pid 11258 (exit status 0)
2025-12-18 16:41:39,688 INFO reaped unknown pid 11260 (exit status 0)
2025-12-18 16:41:39,688 INFO reaped unknown pid 11262 (exit status 0)
2025-12-18 16:41:39,688 INFO reaped unknown pid 11264 (exit status 0)
2025-12-18 16:41:39,688 INFO reaped unknown pid 11266 (exit status 0)
2025-12-18 16:41:39,819 INFO reaped unknown pid 11268 (exit status 0)
2025-12-18 16:41:39,819 INFO reaped unknown pid 11270 (exit status 0)
2025-12-18 16:41:39,820 INFO reaped unknown pid 11272 (exit status 0)
2025-12-18 16:41:39,947 INFO reaped unknown pid 11274 (exit status 0)
2025-12-18 16:41:39,947 INFO reaped unknown pid 11276 (exit status 0)
2025-12-18 16:41:39,947 INFO reaped unknown pid 11278 (exit status 0)
2025-12-18 17:56:52,398 INFO reaped unknown pid 11403 (exit status 0)
2025-12-18 17:56:52,398 INFO reaped unknown pid 11405 (exit status 0)
2025-12-18 17:56:52,398 INFO reaped unknown pid 11407 (exit status 0)
2025-12-18 17:56:52,398 INFO reaped unknown pid 11409 (exit status 0)
2025-12-18 18:22:05,034 INFO reaped unknown pid 11448 (exit status 0)
2025-12-18 18:22:05,034 INFO reaped unknown pid 11450 (exit status 0)
2025-12-18 18:22:05,034 INFO reaped unknown pid 11452 (exit status 0)
2025-12-18 18:22:05,034 INFO reaped unknown pid 11454 (exit status 0)
2025-12-18 18:22:05,034 INFO reaped unknown pid 11456 (exit status 0)
2025-12-18 18:22:41,591 INFO reaped unknown pid 11459 (exit status 0)
2025-12-18 18:22:41,591 INFO reaped unknown pid 11461 (exit status 0)
2025-12-18 18:22:41,591 INFO reaped unknown pid 11463 (exit status 0)
2025-12-18 18:22:41,591 INFO reaped unknown pid 11465 (exit status 0)
2025-12-18 18:23:18,178 INFO reaped unknown pid 11468 (exit status 0)
2025-12-18 18:23:18,178 INFO reaped unknown pid 11470 (exit status 0)
2025-12-18 18:23:18,179 INFO reaped unknown pid 11472 (exit status 0)
2025-12-18 18:23:18,179 INFO reaped unknown pid 11474 (exit status 0)
2025-12-18 18:25:56,187 INFO reaped unknown pid 11483 (exit status 0)
2025-12-18 18:25:56,187 INFO reaped unknown pid 11485 (exit status 0)
2025-12-18 18:25:56,187 INFO reaped unknown pid 11487 (exit status 0)
2025-12-18 18:25:56,187 INFO reaped unknown pid 11489 (exit status 0)
2025-12-18 18:27:34,288 INFO reaped unknown pid 11494 (exit status 0)
2025-12-18 18:27:34,726 INFO reaped unknown pid 11496 (exit status 0)
2025-12-18 18:27:34,727 INFO reaped unknown pid 11498 (exit status 0)
2025-12-18 18:27:34,727 INFO reaped unknown pid 11500 (exit status 0)
2025-12-18 18:27:34,727 INFO reaped unknown pid 11502 (exit status 0)
2025-12-18 18:27:34,727 INFO reaped unknown pid 11504 (exit status 0)
2025-12-18 18:27:34,727 INFO reaped unknown pid 11506 (exit status 0)
2025-12-18 19:17:47,850 INFO reaped unknown pid 11574 (exit status 0)
2025-12-18 19:17:47,850 INFO reaped unknown pid 11576 (exit status 0)
2025-12-18 19:17:47,850 INFO reaped unknown pid 11578 (exit status 0)
2025-12-18 19:17:47,850 INFO reaped unknown pid 11580 (exit status 0)
2025-12-18 19:17:47,850 INFO reaped unknown pid 11582 (exit status 0)
2025-12-18 19:17:47,850 INFO reaped unknown pid 11584 (exit status 0)
2025-12-18 19:17:47,850 INFO reaped unknown pid 11586 (exit status 0)
2025-12-18 19:35:22,613 INFO reaped unknown pid 11621 (exit status 0)
2025-12-18 19:35:23,109 INFO reaped unknown pid 11623 (exit status 0)
2025-12-18 19:35:23,109 INFO reaped unknown pid 11625 (exit status 0)
2025-12-18 19:35:23,109 INFO reaped unknown pid 11627 (exit status 0)
2025-12-18 19:35:23,110 INFO reaped unknown pid 11629 (exit status 0)
2025-12-18 19:35:23,110 INFO reaped unknown pid 11631 (exit status 0)
2025-12-18 19:35:23,110 INFO reaped unknown pid 11633 (exit status 0)
2025-12-18 20:05:26,170 INFO reaped unknown pid 11667 (exit status 0)
2025-12-18 20:05:26,170 INFO reaped unknown pid 11669 (exit status 0)
2025-12-18 20:05:26,170 INFO reaped unknown pid 11671 (exit status 0)
2025-12-18 20:05:26,170 INFO reaped unknown pid 11673 (exit status 0)
2025-12-18 20:05:26,170 INFO reaped unknown pid 11675 (exit status 0)
2025-12-18 20:05:26,170 INFO reaped unknown pid 11677 (exit status 0)
2025-12-18 20:05:26,170 INFO reaped unknown pid 11679 (exit status 0)
2025-12-18 20:05:26,170 INFO reaped unknown pid 11681 (exit status 0)
2025-12-18 20:05:26,170 INFO reaped unknown pid 11683 (exit status 0)
2025-12-18 20:47:50,538 INFO reaped unknown pid 11726 (exit status 0)
2025-12-18 20:47:50,538 INFO reaped unknown pid 11728 (exit status 0)
2025-12-18 20:47:50,538 INFO reaped unknown pid 11730 (exit status 0)
2025-12-18 20:47:50,538 INFO reaped unknown pid 11732 (exit status 0)
2025-12-18 20:47:50,927 INFO reaped unknown pid 11734 (exit status 0)
2025-12-18 20:47:50,927 INFO reaped unknown pid 11736 (exit status 0)
2025-12-18 20:47:50,927 INFO reaped unknown pid 11738 (exit status 0)
2025-12-18 20:47:50,927 INFO reaped unknown pid 11740 (exit status 0)
2025-12-18 20:47:50,927 INFO reaped unknown pid 11742 (exit status 0)
2025-12-18 20:47:50,927 INFO reaped unknown pid 11744 (exit status 0)
